<?xml version="1.0" encoding="UTF-8"?>
<!-- Generated by org.testng.reporters.JUnitReportReporter -->
<testsuite hostname="Admin-PC" name="com.zoopla.qa.TestCases.SalesPageTest" tests="4" failures="0" timestamp="7 Jul 2019 18:25:20 GMT" time="93.045" errors="0">
  <testcase name="verifySalesPageTitle" time="27.394" classname="com.zoopla.qa.TestCases.SalesPageTest"/>
  <testcase name="printListValues" time="16.340" classname="com.zoopla.qa.TestCases.SalesPageTest"/>
  <testcase name="clickOnPositionValue" time="30.719" classname="com.zoopla.qa.TestCases.SalesPageTest"/>
  <testcase name="verityZooplaLogo" time="18.592" classname="com.zoopla.qa.TestCases.SalesPageTest"/>
</testsuite> <!-- com.zoopla.qa.TestCases.SalesPageTest -->
