<?xml version="1.0" encoding="UTF-8"?>
<!-- Generated by org.testng.reporters.JUnitReportReporter -->
<testsuite hostname="Admin-PC" name="com.zoopla.qa.TestCases.HomePageTest" tests="3" failures="0" timestamp="7 Jul 2019 18:25:20 GMT" time="55.224" errors="0">
  <testcase name="verifyHomePageTitle" time="16.181" classname="com.zoopla.qa.TestCases.HomePageTest"/>
  <testcase name="verityZooplaLogo" time="9.669" classname="com.zoopla.qa.TestCases.HomePageTest"/>
  <testcase name="enterCityNameToSearchBox" time="29.374" classname="com.zoopla.qa.TestCases.HomePageTest"/>
</testsuite> <!-- com.zoopla.qa.TestCases.HomePageTest -->
