<?xml version="1.0" encoding="UTF-8"?>
<!-- Generated by org.testng.reporters.JUnitReportReporter -->
<testsuite hostname="Admin-PC" name="com.zoopla.qa.TestCases.HomePageTest" tests="3" failures="0" timestamp="16 Jul 2019 17:41:50 GMT" time="60.613" errors="0">
  <testcase name="verifyHomePageTitle" time="12.144" classname="com.zoopla.qa.TestCases.HomePageTest"/>
  <testcase name="verityZooplaLogo" time="11.260" classname="com.zoopla.qa.TestCases.HomePageTest"/>
  <testcase name="enterCityNameToSearchBox" time="37.209" classname="com.zoopla.qa.TestCases.HomePageTest"/>
</testsuite> <!-- com.zoopla.qa.TestCases.HomePageTest -->
