<?xml version="1.0" encoding="UTF-8"?>
<!-- Generated by org.testng.reporters.JUnitReportReporter -->
<testsuite skipped="0" hostname="PAVAN-PC" name="com.crm.qa.TestCases.HomePageTest" tests="3" failures="0" timestamp="14 Jun 2019 18:22:53 GMT" time="66.034" errors="0">
  <testcase name="verifyHomePageTitle" time="23.333" classname="com.crm.qa.TestCases.HomePageTest"/>
  <testcase name="verityZooplaLogo" time="15.503" classname="com.crm.qa.TestCases.HomePageTest"/>
  <testcase name="enterCityNameToSearchBox" time="27.198" classname="com.crm.qa.TestCases.HomePageTest"/>
</testsuite> <!-- com.crm.qa.TestCases.HomePageTest -->
